<?xml version="1.0" encoding="UTF-8"?>
<testsuite name="ru.stqa.pft.sandbox.SquareTest" tests="1" skipped="0" failures="0" errors="0" timestamp="2023-02-02T19:52:33" hostname="MSI" time="0.006">
  <properties/>
  <testcase name="tesArea" classname="ru.stqa.pft.sandbox.SquareTest" time="0.006"/>
  <system-out><![CDATA[]]></system-out>
  <system-err><![CDATA[]]></system-err>
</testsuite>
